<?xml version="1.0" encoding="UTF-8"?>
<!-- Generated by org.testng.reporters.JUnitReportReporter -->
<testsuite hostname="DESKTOP-1T4HPVR" failures="0" tests="2" name="TestRunner.RunnerLogin" time="0.371" errors="0" timestamp="2024-06-13T17:35:02 IST" skipped="0">
  <testcase classname="TestRunner.RunnerLogin" name="runScenario" time="0.351"/>
  <testcase classname="TestRunner.RunnerLogin" name="runScenario" time="0.020"/>
</testsuite> <!-- TestRunner.RunnerLogin -->
