<?xml version="1.0" encoding="UTF-8"?>
<!-- Generated by org.testng.reporters.JUnitReportReporter -->
<testsuite hostname="DESKTOP-1T4HPVR" failures="0" tests="4" name="TestRunner.RunnerLogin" time="73.520" errors="0" timestamp="2024-06-14T01:07:03 IST" skipped="0">
  <testcase classname="TestRunner.RunnerLogin" name="runScenario" time="14.005"/>
  <testcase classname="TestRunner.RunnerLogin" name="runScenario" time="16.280"/>
  <testcase classname="TestRunner.RunnerLogin" name="runScenario" time="27.704"/>
  <testcase classname="TestRunner.RunnerLogin" name="runScenario" time="15.531"/>
</testsuite> <!-- TestRunner.RunnerLogin -->
